<?xml version="1.0" encoding="UTF-8"?>
<testng-results skipped="4" failed="1" total="5" passed="0">
  <reporter-output>
  </reporter-output>
  <suite name="Default suite" duration-ms="96465" started-at="2562-07-29T12:01:15Z" finished-at="2562-07-29T12:02:51Z">
    <groups>
      <group name="admin">
        <method signature="TestNewsPage.DeleteNews()[pri:0, instance:testcases.TestNewsPage@1a268de]" name="DeleteNews" class="testcases.TestNewsPage"/>
        <method signature="TestNewsPage.DraftNews()[pri:0, instance:testcases.TestNewsPage@1a268de]" name="DraftNews" class="testcases.TestNewsPage"/>
        <method signature="TestNewsPage.PreviewNews()[pri:0, instance:testcases.TestNewsPage@1a268de]" name="PreviewNews" class="testcases.TestNewsPage"/>
        <method signature="TestNewsPage.SaveAndPublishNews()[pri:0, instance:testcases.TestNewsPage@1a268de]" name="SaveAndPublishNews" class="testcases.TestNewsPage"/>
      </group> <!-- admin -->
    </groups>
    <test name="Default test" duration-ms="96465" started-at="2562-07-29T12:01:15Z" finished-at="2562-07-29T12:02:51Z">
      <class name="testcases.TestNewsPage">
        <test-method status="PASS" signature="OpenBrowser()[pri:0, instance:testcases.TestNewsPage@1a268de]" name="OpenBrowser" is-config="true" duration-ms="51442" started-at="2562-07-29T19:01:15Z" finished-at="2562-07-29T19:02:06Z">
          <reporter-output>
          </reporter-output>
        </test-method> <!-- OpenBrowser -->
        <test-method status="FAIL" signature="ClickOnNews()[pri:0, instance:testcases.TestNewsPage@1a268de]" name="ClickOnNews" duration-ms="44943" started-at="2562-07-29T19:02:06Z" finished-at="2562-07-29T19:02:51Z">
          <exception class="org.openqa.selenium.NoSuchWindowException">
            <message>
              <![CDATA[no such window: target window already closed
from unknown error: web view not found
  (Session info: chrome=75.0.3770.142)
Build info: version: '3.141.59', revision: 'e82be7d358', time: '2018-11-14T08:17:03'
System info: host: 'HPDESKTOP', ip: '192.168.1.22', os.name: 'Windows 7', os.arch: 'x86', os.version: '6.1', java.version: '1.8.0_211'
Driver info: org.openqa.selenium.chrome.ChromeDriver
Capabilities {acceptInsecureCerts: true, browserName: chrome, browserVersion: 75.0.3770.142, chrome: {chromedriverVersion: 75.0.3770.90 (a6dcaf7e3ec6f..., userDataDir: C:\Users\Guy\AppData\Local\...}, goog:chromeOptions: {debuggerAddress: localhost:55370}, javascriptEnabled: true, networkConnectionEnabled: false, pageLoadStrategy: normal, platform: XP, platformName: XP, proxy: Proxy(), setWindowRect: true, strictFileInteractability: false, timeouts: {implicit: 0, pageLoad: 300000, script: 30000}, unhandledPromptBehavior: dismiss and notify}
Session ID: 20aee0b9b6e3a1783549aa5eed6d3268
*** Element info: {Using=xpath, value=//h4[@class='card-title']}]]>
            </message>
            <full-stacktrace>
              <![CDATA[org.openqa.selenium.NoSuchWindowException: no such window: target window already closed
from unknown error: web view not found
  (Session info: chrome=75.0.3770.142)
Build info: version: '3.141.59', revision: 'e82be7d358', time: '2018-11-14T08:17:03'
System info: host: 'HPDESKTOP', ip: '192.168.1.22', os.name: 'Windows 7', os.arch: 'x86', os.version: '6.1', java.version: '1.8.0_211'
Driver info: org.openqa.selenium.chrome.ChromeDriver
Capabilities {acceptInsecureCerts: true, browserName: chrome, browserVersion: 75.0.3770.142, chrome: {chromedriverVersion: 75.0.3770.90 (a6dcaf7e3ec6f..., userDataDir: C:\Users\Guy\AppData\Local\...}, goog:chromeOptions: {debuggerAddress: localhost:55370}, javascriptEnabled: true, networkConnectionEnabled: false, pageLoadStrategy: normal, platform: XP, platformName: XP, proxy: Proxy(), setWindowRect: true, strictFileInteractability: false, timeouts: {implicit: 0, pageLoad: 300000, script: 30000}, unhandledPromptBehavior: dismiss and notify}
Session ID: 20aee0b9b6e3a1783549aa5eed6d3268
*** Element info: {Using=xpath, value=//h4[@class='card-title']}
	at sun.reflect.NativeConstructorAccessorImpl.newInstance0(Native Method)
	at sun.reflect.NativeConstructorAccessorImpl.newInstance(NativeConstructorAccessorImpl.java:62)
	at sun.reflect.DelegatingConstructorAccessorImpl.newInstance(DelegatingConstructorAccessorImpl.java:45)
	at java.lang.reflect.Constructor.newInstance(Constructor.java:423)
	at org.openqa.selenium.remote.http.W3CHttpResponseCodec.createException(W3CHttpResponseCodec.java:187)
	at org.openqa.selenium.remote.http.W3CHttpResponseCodec.decode(W3CHttpResponseCodec.java:122)
	at org.openqa.selenium.remote.http.W3CHttpResponseCodec.decode(W3CHttpResponseCodec.java:49)
	at org.openqa.selenium.remote.HttpCommandExecutor.execute(HttpCommandExecutor.java:158)
	at org.openqa.selenium.remote.service.DriverCommandExecutor.execute(DriverCommandExecutor.java:83)
	at org.openqa.selenium.remote.RemoteWebDriver.execute(RemoteWebDriver.java:552)
	at org.openqa.selenium.remote.RemoteWebDriver.findElements(RemoteWebDriver.java:353)
	at org.openqa.selenium.remote.RemoteWebDriver.findElementsByXPath(RemoteWebDriver.java:432)
	at org.openqa.selenium.By$ByXPath.findElements(By.java:348)
	at org.openqa.selenium.remote.RemoteWebDriver.findElements(RemoteWebDriver.java:311)
	at pageObjects.NewsPage.NewsCount(NewsPage.java:169)
	at testcases.TestNewsPage.ClickOnNews(TestNewsPage.java:555)
	at sun.reflect.NativeMethodAccessorImpl.invoke0(Native Method)
	at sun.reflect.NativeMethodAccessorImpl.invoke(NativeMethodAccessorImpl.java:62)
	at sun.reflect.DelegatingMethodAccessorImpl.invoke(DelegatingMethodAccessorImpl.java:43)
	at java.lang.reflect.Method.invoke(Method.java:498)
	at org.testng.internal.MethodInvocationHelper.invokeMethod(MethodInvocationHelper.java:86)
	at org.testng.internal.Invoker.invokeMethod(Invoker.java:643)
	at org.testng.internal.Invoker.invokeTestMethod(Invoker.java:820)
	at org.testng.internal.Invoker.invokeTestMethods(Invoker.java:1128)
	at org.testng.internal.TestMethodWorker.invokeTestMethods(TestMethodWorker.java:129)
	at org.testng.internal.TestMethodWorker.run(TestMethodWorker.java:112)
	at org.testng.TestRunner.privateRun(TestRunner.java:782)
	at org.testng.TestRunner.run(TestRunner.java:632)
	at org.testng.SuiteRunner.runTest(SuiteRunner.java:366)
	at org.testng.SuiteRunner.runSequentially(SuiteRunner.java:361)
	at org.testng.SuiteRunner.privateRun(SuiteRunner.java:319)
	at org.testng.SuiteRunner.run(SuiteRunner.java:268)
	at org.testng.SuiteRunnerWorker.runSuite(SuiteRunnerWorker.java:52)
	at org.testng.SuiteRunnerWorker.run(SuiteRunnerWorker.java:86)
	at org.testng.TestNG.runSuitesSequentially(TestNG.java:1244)
	at org.testng.TestNG.runSuitesLocally(TestNG.java:1169)
	at org.testng.TestNG.run(TestNG.java:1064)
	at org.testng.remote.AbstractRemoteTestNG.run(AbstractRemoteTestNG.java:126)
	at org.testng.remote.RemoteTestNG.initAndRun(RemoteTestNG.java:152)
	at org.testng.remote.RemoteTestNG.main(RemoteTestNG.java:57)
]]>
            </full-stacktrace>
          </exception> <!-- org.openqa.selenium.NoSuchWindowException -->
          <reporter-output>
          </reporter-output>
        </test-method> <!-- ClickOnNews -->
        <test-method status="FAIL" signature="RedirectToNewsPage()[pri:0, instance:testcases.TestNewsPage@1a268de]" name="RedirectToNewsPage" is-config="true" duration-ms="0" started-at="2562-07-29T19:02:51Z" finished-at="2562-07-29T19:02:51Z">
          <exception class="org.openqa.selenium.NoSuchWindowException">
            <message>
              <![CDATA[no such window: target window already closed
from unknown error: web view not found
  (Session info: chrome=75.0.3770.142)
Build info: version: '3.141.59', revision: 'e82be7d358', time: '2018-11-14T08:17:03'
System info: host: 'HPDESKTOP', ip: '192.168.1.22', os.name: 'Windows 7', os.arch: 'x86', os.version: '6.1', java.version: '1.8.0_211'
Driver info: org.openqa.selenium.chrome.ChromeDriver
Capabilities {acceptInsecureCerts: true, browserName: chrome, browserVersion: 75.0.3770.142, chrome: {chromedriverVersion: 75.0.3770.90 (a6dcaf7e3ec6f..., userDataDir: C:\Users\Guy\AppData\Local\...}, goog:chromeOptions: {debuggerAddress: localhost:55370}, javascriptEnabled: true, networkConnectionEnabled: false, pageLoadStrategy: normal, platform: XP, platformName: XP, proxy: Proxy(), setWindowRect: true, strictFileInteractability: false, timeouts: {implicit: 0, pageLoad: 300000, script: 30000}, unhandledPromptBehavior: dismiss and notify}
Session ID: 20aee0b9b6e3a1783549aa5eed6d3268]]>
            </message>
            <full-stacktrace>
              <![CDATA[org.openqa.selenium.NoSuchWindowException: no such window: target window already closed
from unknown error: web view not found
  (Session info: chrome=75.0.3770.142)
Build info: version: '3.141.59', revision: 'e82be7d358', time: '2018-11-14T08:17:03'
System info: host: 'HPDESKTOP', ip: '192.168.1.22', os.name: 'Windows 7', os.arch: 'x86', os.version: '6.1', java.version: '1.8.0_211'
Driver info: org.openqa.selenium.chrome.ChromeDriver
Capabilities {acceptInsecureCerts: true, browserName: chrome, browserVersion: 75.0.3770.142, chrome: {chromedriverVersion: 75.0.3770.90 (a6dcaf7e3ec6f..., userDataDir: C:\Users\Guy\AppData\Local\...}, goog:chromeOptions: {debuggerAddress: localhost:55370}, javascriptEnabled: true, networkConnectionEnabled: false, pageLoadStrategy: normal, platform: XP, platformName: XP, proxy: Proxy(), setWindowRect: true, strictFileInteractability: false, timeouts: {implicit: 0, pageLoad: 300000, script: 30000}, unhandledPromptBehavior: dismiss and notify}
Session ID: 20aee0b9b6e3a1783549aa5eed6d3268
	at sun.reflect.NativeConstructorAccessorImpl.newInstance0(Native Method)
	at sun.reflect.NativeConstructorAccessorImpl.newInstance(NativeConstructorAccessorImpl.java:62)
	at sun.reflect.DelegatingConstructorAccessorImpl.newInstance(DelegatingConstructorAccessorImpl.java:45)
	at java.lang.reflect.Constructor.newInstance(Constructor.java:423)
	at org.openqa.selenium.remote.http.W3CHttpResponseCodec.createException(W3CHttpResponseCodec.java:187)
	at org.openqa.selenium.remote.http.W3CHttpResponseCodec.decode(W3CHttpResponseCodec.java:122)
	at org.openqa.selenium.remote.http.W3CHttpResponseCodec.decode(W3CHttpResponseCodec.java:49)
	at org.openqa.selenium.remote.HttpCommandExecutor.execute(HttpCommandExecutor.java:158)
	at org.openqa.selenium.remote.service.DriverCommandExecutor.execute(DriverCommandExecutor.java:83)
	at org.openqa.selenium.remote.RemoteWebDriver.execute(RemoteWebDriver.java:552)
	at org.openqa.selenium.remote.RemoteWebDriver.get(RemoteWebDriver.java:277)
	at testcases.TestNewsPage.RedirectToNewsPage(TestNewsPage.java:596)
	at sun.reflect.NativeMethodAccessorImpl.invoke0(Native Method)
	at sun.reflect.NativeMethodAccessorImpl.invoke(NativeMethodAccessorImpl.java:62)
	at sun.reflect.DelegatingMethodAccessorImpl.invoke(DelegatingMethodAccessorImpl.java:43)
	at java.lang.reflect.Method.invoke(Method.java:498)
	at org.testng.internal.MethodInvocationHelper.invokeMethod(MethodInvocationHelper.java:86)
	at org.testng.internal.Invoker.invokeConfigurationMethod(Invoker.java:514)
	at org.testng.internal.Invoker.invokeConfigurations(Invoker.java:215)
	at org.testng.internal.Invoker.invokeMethod(Invoker.java:707)
	at org.testng.internal.Invoker.invokeTestMethod(Invoker.java:820)
	at org.testng.internal.Invoker.invokeTestMethods(Invoker.java:1128)
	at org.testng.internal.TestMethodWorker.invokeTestMethods(TestMethodWorker.java:129)
	at org.testng.internal.TestMethodWorker.run(TestMethodWorker.java:112)
	at org.testng.TestRunner.privateRun(TestRunner.java:782)
	at org.testng.TestRunner.run(TestRunner.java:632)
	at org.testng.SuiteRunner.runTest(SuiteRunner.java:366)
	at org.testng.SuiteRunner.runSequentially(SuiteRunner.java:361)
	at org.testng.SuiteRunner.privateRun(SuiteRunner.java:319)
	at org.testng.SuiteRunner.run(SuiteRunner.java:268)
	at org.testng.SuiteRunnerWorker.runSuite(SuiteRunnerWorker.java:52)
	at org.testng.SuiteRunnerWorker.run(SuiteRunnerWorker.java:86)
	at org.testng.TestNG.runSuitesSequentially(TestNG.java:1244)
	at org.testng.TestNG.runSuitesLocally(TestNG.java:1169)
	at org.testng.TestNG.run(TestNG.java:1064)
	at org.testng.remote.AbstractRemoteTestNG.run(AbstractRemoteTestNG.java:126)
	at org.testng.remote.RemoteTestNG.initAndRun(RemoteTestNG.java:152)
	at org.testng.remote.RemoteTestNG.main(RemoteTestNG.java:57)
]]>
            </full-stacktrace>
          </exception> <!-- org.openqa.selenium.NoSuchWindowException -->
          <reporter-output>
          </reporter-output>
        </test-method> <!-- RedirectToNewsPage -->
        <test-method status="SKIP" signature="DeleteNews()[pri:0, instance:testcases.TestNewsPage@1a268de]" name="DeleteNews" duration-ms="7" started-at="2562-07-29T19:02:51Z" finished-at="2562-07-29T19:02:51Z">
          <reporter-output>
          </reporter-output>
        </test-method> <!-- DeleteNews -->
        <test-method status="SKIP" signature="RedirectToNewsPage()[pri:0, instance:testcases.TestNewsPage@1a268de]" name="RedirectToNewsPage" is-config="true" duration-ms="0" started-at="2562-07-29T19:02:51Z" finished-at="2562-07-29T19:02:51Z">
          <reporter-output>
          </reporter-output>
        </test-method> <!-- RedirectToNewsPage -->
        <test-method status="SKIP" signature="DraftNews()[pri:0, instance:testcases.TestNewsPage@1a268de]" name="DraftNews" duration-ms="1" started-at="2562-07-29T19:02:51Z" finished-at="2562-07-29T19:02:51Z">
          <reporter-output>
          </reporter-output>
        </test-method> <!-- DraftNews -->
        <test-method status="SKIP" signature="RedirectToNewsPage()[pri:0, instance:testcases.TestNewsPage@1a268de]" name="RedirectToNewsPage" is-config="true" duration-ms="0" started-at="2562-07-29T19:02:51Z" finished-at="2562-07-29T19:02:51Z">
          <reporter-output>
          </reporter-output>
        </test-method> <!-- RedirectToNewsPage -->
        <test-method status="SKIP" signature="PreviewNews()[pri:0, instance:testcases.TestNewsPage@1a268de]" name="PreviewNews" duration-ms="3" started-at="2562-07-29T19:02:51Z" finished-at="2562-07-29T19:02:51Z">
          <reporter-output>
          </reporter-output>
        </test-method> <!-- PreviewNews -->
        <test-method status="SKIP" signature="RedirectToNewsPage()[pri:0, instance:testcases.TestNewsPage@1a268de]" name="RedirectToNewsPage" is-config="true" duration-ms="0" started-at="2562-07-29T19:02:51Z" finished-at="2562-07-29T19:02:51Z">
          <reporter-output>
          </reporter-output>
        </test-method> <!-- RedirectToNewsPage -->
        <test-method status="SKIP" signature="SaveAndPublishNews()[pri:0, instance:testcases.TestNewsPage@1a268de]" name="SaveAndPublishNews" duration-ms="1" started-at="2562-07-29T19:02:51Z" finished-at="2562-07-29T19:02:51Z">
          <reporter-output>
          </reporter-output>
        </test-method> <!-- SaveAndPublishNews -->
        <test-method status="SKIP" signature="RedirectToNewsPage()[pri:0, instance:testcases.TestNewsPage@1a268de]" name="RedirectToNewsPage" is-config="true" duration-ms="0" started-at="2562-07-29T19:02:51Z" finished-at="2562-07-29T19:02:51Z">
          <reporter-output>
          </reporter-output>
        </test-method> <!-- RedirectToNewsPage -->
        <test-method status="SKIP" signature="CloseBrowser()[pri:0, instance:testcases.TestNewsPage@1a268de]" name="CloseBrowser" is-config="true" duration-ms="0" started-at="2562-07-29T19:02:51Z" finished-at="2562-07-29T19:02:51Z">
          <reporter-output>
          </reporter-output>
        </test-method> <!-- CloseBrowser -->
      </class> <!-- testcases.TestNewsPage -->
    </test> <!-- Default test -->
  </suite> <!-- Default suite -->
</testng-results>
